setup
libcephfs2
librados2
libradosstriper1
librbd1
librgw2
python-cephfs
python-rados
python-rbd
python-rgw
erlang-os_mon
erlang-otp_mibs
erlang-public_key
erlang-runtime_tools
erlang-sd_notify
erlang-syntax_tools
libtomcrypt
libtommath
python-dogpile-cache
python-dogpile-core
python-migrate
python-openstackclient-lang
python-paste-deploy
python-pycadf-common
python-repoze-lru
python2-munch
python2-os-service-types
python2-pika_pool
python2-requests
container-selinux
sshpass
qemu-img-ev
qemu-kvm-common-ev
device-mapper
libblkid
libmount
libsmartcols
libuuid
nss-pem
ruby-irb
rubygem-bigdecimal
rubygem-io-console
rubygem-json
rubygem-psych
rubygem-rdoc
rubygems
shadow-utils
tuned
containerd
python-django-bash-completion
python-unittest2
python2-pika
python2-pyngus
python2-qpid-proton
qpid-proton-c
authconfig
basesystem
crontabs
filesystem
fipscheck
hardlink
libdb
libnfsidmap
libverto
os-prober
polkit-pkla-compat
pth
pyliblzma
python-backports
python-backports-ssl_match_hostname
python-gobject-base
python-schedutils
pyxattr
qrencode-libs
quota-nls
rootfiles
sysvinit-tools
ustr
yum-metadata-parser
